2022-02-14 16:02:23,235 [Worker-4: Loading available Gradle versions] INFO  o.e.b.c.i.u.g.PublishedGradleVersions - Gradle version information cache is up-to-date. Trying to read.
2022-02-14 16:02:55,829 [Worker-0: Creating project "jpa-hibernate-demo"] INFO  o.e.m.c.i.l.LifecycleMappingFactory - Using org.eclipse.m2e.jdt.JarLifecycleMapping lifecycle mapping for MavenProject: com.samsung:jpa-hibernate-demo:0.0.1-SNAPSHOT @ C:\Users\utkar\OneDrive\Desktop\Samsung\JPAHibernateWorkspace\jpa-hibernate-demo\pom.xml.
2022-02-14 16:02:56,240 [Worker-0: Creating project "jpa-hibernate-demo"] INFO  o.e.m.j.i.AbstractJavaProjectConfigurator - Adding source folder /jpa-hibernate-demo/src/main/java
2022-02-14 16:02:56,252 [Worker-0: Creating project "jpa-hibernate-demo"] INFO  o.e.m.j.i.AbstractJavaProjectConfigurator - Adding resource folder /jpa-hibernate-demo/src/main/resources
2022-02-14 16:02:56,257 [Worker-0: Creating project "jpa-hibernate-demo"] INFO  o.e.m.j.i.AbstractJavaProjectConfigurator - Adding source folder /jpa-hibernate-demo/src/test/java
2022-02-14 16:02:56,258 [Worker-0: Creating project "jpa-hibernate-demo"] INFO  o.e.m.j.i.AbstractJavaProjectConfigurator - Adding resource folder /jpa-hibernate-demo/src/test/resources
2022-02-14 16:02:57,377 [Worker-14: Building] WARN  o.e.m.c.i.embedder.EclipseLogger - Using platform encoding (Cp1252 actually) to copy filtered resources, i.e. build is platform dependent!
2022-02-14 16:02:57,380 [Worker-14: Building] INFO  o.e.m.c.i.embedder.EclipseLogger - Copying 0 resource
2022-02-14 16:02:57,382 [Worker-14: Building] WARN  o.e.m.c.i.embedder.EclipseLogger - Using platform encoding (Cp1252 actually) to copy filtered resources, i.e. build is platform dependent!
2022-02-14 16:02:57,383 [Worker-14: Building] INFO  o.e.m.c.i.embedder.EclipseLogger - Copying 0 resource
2022-02-14 16:05:54,903 [Worker-24: Building] INFO  o.e.m.c.i.l.LifecycleMappingFactory - Using org.eclipse.m2e.jdt.JarLifecycleMapping lifecycle mapping for MavenProject: com.samsung:jpa-hibernate-demo:0.0.1-SNAPSHOT @ C:\Users\utkar\OneDrive\Desktop\Samsung\JPAHibernateWorkspace\jpa-hibernate-demo\pom.xml.
2022-02-14 16:05:55,115 [Worker-24: Building] WARN  o.e.m.c.i.embedder.EclipseLogger - Using platform encoding (Cp1252 actually) to copy filtered resources, i.e. build is platform dependent!
2022-02-14 16:05:55,116 [Worker-24: Building] INFO  o.e.m.c.i.embedder.EclipseLogger - Copying 0 resource
2022-02-14 16:05:55,118 [Worker-24: Building] WARN  o.e.m.c.i.embedder.EclipseLogger - Using platform encoding (Cp1252 actually) to copy filtered resources, i.e. build is platform dependent!
2022-02-14 16:05:55,119 [Worker-24: Building] INFO  o.e.m.c.i.embedder.EclipseLogger - Copying 0 resource
2022-02-14 16:05:56,374 [Worker-12: Building] WARN  o.e.m.c.i.embedder.EclipseLogger - Using platform encoding (Cp1252 actually) to copy filtered resources, i.e. build is platform dependent!
2022-02-14 16:05:56,377 [Worker-12: Building] INFO  o.e.m.c.i.embedder.EclipseLogger - Copying 0 resource
2022-02-14 16:05:56,378 [Worker-12: Building] WARN  o.e.m.c.i.embedder.EclipseLogger - Using platform encoding (Cp1252 actually) to copy filtered resources, i.e. build is platform dependent!
2022-02-14 16:05:56,379 [Worker-12: Building] INFO  o.e.m.c.i.embedder.EclipseLogger - Copying 0 resource
2022-02-14 16:07:12,627 [Worker-15: Building] WARN  o.e.m.c.i.embedder.EclipseLogger - Using platform encoding (Cp1252 actually) to copy filtered resources, i.e. build is platform dependent!
2022-02-14 16:07:12,629 [Worker-15: Building] INFO  o.e.m.c.i.embedder.EclipseLogger - Copying 0 resource
2022-02-14 16:07:12,630 [Worker-15: Building] WARN  o.e.m.c.i.embedder.EclipseLogger - Using platform encoding (Cp1252 actually) to copy filtered resources, i.e. build is platform dependent!
2022-02-14 16:07:12,631 [Worker-15: Building] INFO  o.e.m.c.i.embedder.EclipseLogger - Copying 0 resource
2022-02-14 16:07:42,009 [Worker-11: Building] WARN  o.e.m.c.i.embedder.EclipseLogger - Using platform encoding (Cp1252 actually) to copy filtered resources, i.e. build is platform dependent!
2022-02-14 16:07:42,010 [Worker-11: Building] INFO  o.e.m.c.i.embedder.EclipseLogger - Copying 1 resource
2022-02-14 16:07:42,017 [Worker-11: Building] WARN  o.e.m.c.i.embedder.EclipseLogger - Using platform encoding (Cp1252 actually) to copy filtered resources, i.e. build is platform dependent!
2022-02-14 16:07:42,018 [Worker-11: Building] INFO  o.e.m.c.i.embedder.EclipseLogger - Copying 0 resource
